<?xml version="1.0" encoding="UTF-8"?>
<!-- Generated by org.testng.reporters.JUnitReportReporter -->
<testsuite hostname="DESKTOP-NLOJU8G" failures="0" tests="1" name="com.htc.madison.testCases.RegisterPageTest" time="6.498" errors="0" timestamp="2021-03-04T14:59:55 IST" skipped="0">
  <testcase classname="com.htc.madison.testCases.RegisterPageTest" name="testRegistration_entervalidDetails_shouldShowRegistrationMessage" time="6.498"/>
  <system-out/>
</testsuite> <!-- com.htc.madison.testCases.RegisterPageTest -->
