<?xml version="1.0" encoding="UTF-8"?>
<!-- Generated by org.testng.reporters.JUnitReportReporter -->
<testsuite hostname="DESKTOP-NLOJU8G" failures="0" tests="2" name="com.htc.grid.test.GridBrowserTest" time="26.792" errors="0" timestamp="2021-02-18T15:10:29 IST" skipped="0">
  <testcase classname="com.htc.grid.test.GridBrowserTest" name="browserTest" time="8.257"/>
  <system-out/>
  <testcase classname="com.htc.grid.test.GridBrowserTest" name="browserTest" time="18.535"/>
  <system-out/>
</testsuite> <!-- com.htc.grid.test.GridBrowserTest -->
