<?xml version="1.0" encoding="UTF-8"?>
<!-- Generated by org.testng.reporters.JUnitReportReporter -->
<testsuite hostname="DESKTOP-NLOJU8G" failures="0" tests="2" name="com.htc.grid.test.MadisonLoginTest" time="100.512" errors="0" timestamp="2021-02-26T08:25:22 IST" skipped="0">
  <testcase classname="com.htc.grid.test.MadisonLoginTest" name="testLoginPage_enterValidCredentails_shouldShowSuccessMessage" time="42.629"/>
  <system-out/>
  <testcase classname="com.htc.grid.test.MadisonLoginTest" name="testLoginPage_validCredentails_shouldShowSuccessMessage" time="57.883"/>
  <system-out/>
</testsuite> <!-- com.htc.grid.test.MadisonLoginTest -->
