<?xml version="1.0" encoding="UTF-8"?>
<!-- Generated by org.testng.reporters.JUnitReportReporter -->
<testsuite hostname="DESKTOP-NLOJU8G" failures="0" tests="1" name="com.htc.grid.SeleniumGrid" time="56.775" errors="0" timestamp="2021-02-17T19:16:19 IST" skipped="0">
  <testcase classname="com.htc.grid.SeleniumGrid" name="testGrid_validURL_shouldDisplayWebpage" time="56.775"/>
  <system-out/>
</testsuite> <!-- com.htc.grid.SeleniumGrid -->
