<?xml version="1.0" encoding="UTF-8"?>
<!-- Generated by org.testng.reporters.JUnitReportReporter -->
<testsuite hostname="DESKTOP-NLOJU8G" failures="0" tests="2" name="com.htc.grid.test.MadisonLoginTest" time="46.272" errors="0" timestamp="2021-02-20T21:06:43 IST" skipped="0">
  <testcase classname="com.htc.grid.test.MadisonLoginTest" name="testLoginPage_validCredentails_shouldShowSuccessMessage" time="21.323"/>
  <system-out/>
  <testcase classname="com.htc.grid.test.MadisonLoginTest" name="testLoginPage_validCredentails_shouldShowSuccessMsg" time="24.949"/>
  <system-out/>
</testsuite> <!-- com.htc.grid.test.MadisonLoginTest -->
