<?xml version="1.0" encoding="UTF-8"?>
<!-- Generated by org.testng.reporters.JUnitReportReporter -->
<testsuite hostname="DESKTOP-NLOJU8G" failures="0" tests="2" name="com.htc.grid.test.MadisonLoginTest" time="24.237" errors="1" timestamp="2021-02-25T23:42:21 IST" skipped="0">
  <testcase classname="com.htc.grid.test.MadisonLoginTest" name="testLoginPage_validCredentails_shouldShowSuccessMessage" time="24.237"/>
  <system-out/>
  <testcase classname="com.htc.grid.test.MadisonLoginTest" name="testLoginPage_enterValidCredentails_shouldShowSuccessMessage" time="0.000">
    <error message="
Parameter &#039;engine&#039; is required by @Test on method testLoginPage_enterValidCredentails_shouldShowSuccessMessage but has not been marked @Optional or defined
in D:\HTCEclipse_GIT\seleniumGrid\src\test\resources\madisonTest.xml" type="org.testng.TestNGException">
      <![CDATA[org.testng.TestNGException: 
Parameter 'engine' is required by @Test on method testLoginPage_enterValidCredentails_shouldShowSuccessMessage but has not been marked @Optional or defined
in D:\HTCEclipse_GIT\seleniumGrid\src\test\resources\madisonTest.xml
at org.testng.internal.Parameters.createParams(Parameters.java:268)
at org.testng.internal.Parameters.createParametersForMethod(Parameters.java:356)
at org.testng.internal.Parameters.createParameters(Parameters.java:700)
at org.testng.internal.Parameters.handleParameters(Parameters.java:875)
at org.testng.internal.Parameters.handleParameters(Parameters.java:740)
at org.testng.internal.ParameterHandler.handleParameters(ParameterHandler.java:59)
at org.testng.internal.ParameterHandler.createParameters(ParameterHandler.java:38)
at org.testng.internal.TestInvoker$MethodInvocationAgent.invoke(TestInvoker.java:789)
at org.testng.internal.TestInvoker.invokeTestMethods(TestInvoker.java:147)
at org.testng.internal.TestMethodWorker.invokeTestMethods(TestMethodWorker.java:146)
at org.testng.internal.TestMethodWorker.run(TestMethodWorker.java:128)
at java.base/java.util.concurrent.ThreadPoolExecutor.runWorker(ThreadPoolExecutor.java:1130)
at java.base/java.util.concurrent.ThreadPoolExecutor$Worker.run(ThreadPoolExecutor.java:630)
at java.base/java.lang.Thread.run(Thread.java:832)
]]>
    </error>
  </testcase> <!-- testLoginPage_enterValidCredentails_shouldShowSuccessMessage -->
  <system-out/>
</testsuite> <!-- com.htc.grid.test.MadisonLoginTest -->
