<?xml version="1.0" encoding="UTF-8"?>
<!-- Generated by org.testng.reporters.JUnitReportReporter -->
<testsuite hostname="DESKTOP-NLOJU8G" failures="0" tests="3" name="com.htc.register.SeleniumAcademyRegister" time="21.117" errors="0" timestamp="17 Feb 2021 05:36:44 GMT" skipped="2">
  <testcase classname="com.htc.register.SeleniumAcademyRegister" name="testRegisterAccount_inputUserDetails_shouldShowSusccessfulRegistrationMessage" time="21.117"/>
  <testcase classname="com.htc.register.SeleniumAcademyRegister" name="testPurchaseProduct_enterDetailsRequired_shouldAllowToCheckout">
    <skipped/>
  </testcase> <!-- testPurchaseProduct_enterDetailsRequired_shouldAllowToCheckout -->
  <testcase classname="com.htc.register.SeleniumAcademyRegister" name="testLoginAccount_validCredentails_shouldShowSuccessMessage">
    <skipped/>
  </testcase> <!-- testLoginAccount_validCredentails_shouldShowSuccessMessage -->
</testsuite> <!-- com.htc.register.SeleniumAcademyRegister -->
