<?xml version="1.0" encoding="UTF-8"?>
<!-- Generated by org.testng.reporters.JUnitReportReporter -->
<testsuite skipped="0" hostname="Gowtham-PC" name="com.htc.test.CheckOutTest" tests="1" failures="0" timestamp="2021-03-07T21:30:36 IST" time="45.515" errors="0">
  <testcase name="testLoginPage_enterCredantials_shouldLoginSuccessful" time="45.515" classname="com.htc.test.CheckOutTest"/>
  <system-out/>
</testsuite> <!-- com.htc.test.CheckOutTest -->
