<?xml version="1.0" encoding="UTF-8"?>
<!-- Generated by org.testng.reporters.JUnitReportReporter -->
<testsuite skipped="1" hostname="Gowtham-PC" name="com.htc.seleniumacademyPOM.test.CheckOutTest" tests="1" failures="0" timestamp="2021-03-03T19:53:53 IST" time="0.000" errors="0">
  <testcase name="testLoginPage_enterCredantials_shouldLoginSuccessful" time="0.000" classname="com.htc.seleniumacademyPOM.test.CheckOutTest">
    <skipped/>
  </testcase> <!-- testLoginPage_enterCredantials_shouldLoginSuccessful -->
  <system-out/>
</testsuite> <!-- com.htc.seleniumacademyPOM.test.CheckOutTest -->
