<?xml version="1.0" encoding="UTF-8"?>
<!-- Generated by org.testng.reporters.JUnitReportReporter -->
<testsuite skipped="0" hostname="Gowtham-PC" name="com.htc.test.LoginPageTest" tests="5" failures="0" timestamp="2021-03-10T12:19:54 IST" time="47.988" errors="0">
  <testcase name="test" time="9.286" classname="com.htc.test.LoginPageTest"/>
  <system-out/>
  <testcase name="test" time="5.075" classname="com.htc.test.LoginPageTest"/>
  <system-out/>
  <testcase name="test" time="15.806" classname="com.htc.test.LoginPageTest"/>
  <system-out/>
  <testcase name="test" time="8.941" classname="com.htc.test.LoginPageTest"/>
  <system-out/>
  <testcase name="test" time="8.880" classname="com.htc.test.LoginPageTest"/>
  <system-out/>
</testsuite> <!-- com.htc.test.LoginPageTest -->
