<?xml version="1.0" encoding="UTF-8"?>
<!-- Generated by org.testng.reporters.JUnitReportReporter -->
<testsuite skipped="1" hostname="Gowtham-PC" name="com.htc.seleniumacademyPOM.test.LoginPageTest" tests="3" failures="0" timestamp="2021-03-04T14:05:46 IST" time="242.230" errors="0">
  <testcase name="testLoginPage_enterCredantials_shouldLoginSuccessful" time="132.525" classname="com.htc.seleniumacademyPOM.test.LoginPageTest"/>
  <system-out/>
  <testcase name="testLoginPage_enterCredantials_shouldLoginSuccessful" time="109.705" classname="com.htc.seleniumacademyPOM.test.LoginPageTest"/>
  <system-out/>
  <testcase name="testBrowserStackSignin_InValidloginCredential_ShouldErrorInSigninPage" classname="com.htc.seleniumacademyPOM.test.LoginPageTest">
    <skipped/>
  </testcase> <!-- testBrowserStackSignin_InValidloginCredential_ShouldErrorInSigninPage -->
  <system-out/>
</testsuite> <!-- com.htc.seleniumacademyPOM.test.LoginPageTest -->
