<?xml version="1.0" encoding="UTF-8"?>
<!-- Generated by org.testng.reporters.JUnitReportReporter -->
<testsuite hostname="DESKTOP-NLOJU8G" failures="0" tests="4" name="com.htc.test.LoginTest" time="18.685" errors="0" timestamp="2021-03-12T15:34:36 IST" skipped="0">
  <testcase classname="com.htc.test.LoginTest" name="test" time="4.257"/>
  <system-out/>
  <testcase classname="com.htc.test.LoginTest" name="test" time="5.238"/>
  <system-out/>
  <testcase classname="com.htc.test.LoginTest" name="test" time="3.273"/>
  <system-out/>
  <testcase classname="com.htc.test.LoginTest" name="test" time="5.917"/>
  <system-out/>
</testsuite> <!-- com.htc.test.LoginTest -->
